[0.008s] Invoking command in '/home/abdo/ros2_ws/build/my_robot_bringup': CMAKE_PREFIX_PATH=/home/abdo/ros2_ws/install/my_robot_description:/home/abdo/ros2_ws/install/my_robot_bringup:/opt/ros/humble /usr/bin/cmake --build /home/abdo/ros2_ws/build/my_robot_bringup -- -j8 -l8
[0.046s] Invoked command in '/home/abdo/ros2_ws/build/my_robot_bringup' returned '0': CMAKE_PREFIX_PATH=/home/abdo/ros2_ws/install/my_robot_description:/home/abdo/ros2_ws/install/my_robot_bringup:/opt/ros/humble /usr/bin/cmake --build /home/abdo/ros2_ws/build/my_robot_bringup -- -j8 -l8
[0.048s] Invoking command in '/home/abdo/ros2_ws/build/my_robot_bringup': CMAKE_PREFIX_PATH=/home/abdo/ros2_ws/install/my_robot_description:/home/abdo/ros2_ws/install/my_robot_bringup:/opt/ros/humble /usr/bin/cmake --install /home/abdo/ros2_ws/build/my_robot_bringup
[0.054s] -- Install configuration: ""
[0.055s] -- Execute custom install script
[0.055s] -- Up-to-date symlink: /home/abdo/ros2_ws/install/my_robot_bringup/share/my_robot_bringup//launch/my_robot_gazebo.launch.xml
[0.055s] -- Up-to-date symlink: /home/abdo/ros2_ws/install/my_robot_bringup/share/my_robot_bringup//rviz/urdf_config.rviz
[0.055s] -- Up-to-date symlink: /home/abdo/ros2_ws/install/my_robot_bringup/share/ament_index/resource_index/package_run_dependencies/my_robot_bringup
[0.056s] -- Up-to-date symlink: /home/abdo/ros2_ws/install/my_robot_bringup/share/ament_index/resource_index/parent_prefix_path/my_robot_bringup
[0.056s] -- Up-to-date symlink: /home/abdo/ros2_ws/install/my_robot_bringup/share/my_robot_bringup/environment/ament_prefix_path.sh
[0.056s] -- Up-to-date symlink: /home/abdo/ros2_ws/install/my_robot_bringup/share/my_robot_bringup/environment/ament_prefix_path.dsv
[0.056s] -- Up-to-date symlink: /home/abdo/ros2_ws/install/my_robot_bringup/share/my_robot_bringup/environment/path.sh
[0.056s] -- Up-to-date symlink: /home/abdo/ros2_ws/install/my_robot_bringup/share/my_robot_bringup/environment/path.dsv
[0.056s] -- Up-to-date symlink: /home/abdo/ros2_ws/install/my_robot_bringup/share/my_robot_bringup/local_setup.bash
[0.056s] -- Up-to-date symlink: /home/abdo/ros2_ws/install/my_robot_bringup/share/my_robot_bringup/local_setup.sh
[0.056s] -- Up-to-date symlink: /home/abdo/ros2_ws/install/my_robot_bringup/share/my_robot_bringup/local_setup.zsh
[0.056s] -- Up-to-date symlink: /home/abdo/ros2_ws/install/my_robot_bringup/share/my_robot_bringup/local_setup.dsv
[0.057s] -- Symlinking: /home/abdo/ros2_ws/install/my_robot_bringup/share/my_robot_bringup/package.dsv
[0.064s] -- Up-to-date symlink: /home/abdo/ros2_ws/install/my_robot_bringup/share/ament_index/resource_index/packages/my_robot_bringup
[0.065s] -- Up-to-date symlink: /home/abdo/ros2_ws/install/my_robot_bringup/share/my_robot_bringup/cmake/my_robot_bringupConfig.cmake
[0.065s] -- Up-to-date symlink: /home/abdo/ros2_ws/install/my_robot_bringup/share/my_robot_bringup/cmake/my_robot_bringupConfig-version.cmake
[0.065s] -- Up-to-date symlink: /home/abdo/ros2_ws/install/my_robot_bringup/share/my_robot_bringup/package.xml
[0.067s] Invoked command in '/home/abdo/ros2_ws/build/my_robot_bringup' returned '0': CMAKE_PREFIX_PATH=/home/abdo/ros2_ws/install/my_robot_description:/home/abdo/ros2_ws/install/my_robot_bringup:/opt/ros/humble /usr/bin/cmake --install /home/abdo/ros2_ws/build/my_robot_bringup
